<?xml version="1.0" encoding="UTF-8"?>
<!-- Generated by org.testng.reporters.JUnitReportReporter -->
<testsuite hostname="SANJAY-PC" failures="0" tests="4" name="com.qa.tests.ApiTest" time="5.262" errors="0" timestamp="2024-12-26T14:23:32 IST" skipped="0">
  <testcase classname="com.qa.tests.ApiTest" name="createIssueTest" time="2.322"/>
  <testcase classname="com.qa.tests.ApiTest" name="retrieveIssueTest" time="0.750"/>
  <testcase classname="com.qa.tests.ApiTest" name="updateIssueTest" time="1.092"/>
  <testcase classname="com.qa.tests.ApiTest" name="deleteIssueTest" time="1.098"/>
</testsuite> <!-- com.qa.tests.ApiTest -->
